{
  "RSpec": {
    "coverage": {
      "/www/armory/lib/armory.rb": [
        1,
        1,
        1,
        1,
        1,
        1,
        1,
        1,
        1,
        1,
        1,
        1,
        1,
        1,
        1,
        1,
        1,
        1,
        1,
        1,
        1,
        1,
        1,
        1
      ],
      "/www/armory/vendor/bundle/ruby/2.1.0/gems/addressable-2.3.6/lib/addressable/uri.rb": [
        null,
        null,
        null,
        null,
        null,
        null,
        null,
        null,
        null,
        null,
        null,
        null,
        null,
        null,
        null,
        null,
        null,
        null,
        1,
        1,
        null,
        null,
        null,
        1,
        null,
        null,
        null,
        null,
        1,
        null,
        null,
        1,
        null,
        null,
        null,
        null,
        null,
        1,
        1,
        1,
        1,
        1,
        1,
        1,
        1,
        1,
        1,
        1,
        1,
        1,
        null,
        null,
        1,
        1,
        null,
        1,
        null,
        1,
        null,
        null,
        null,
        null,
        null,
        null,
        null,
        null,
        null,
        null,
        null,
        null,
        null,
        null,
        null,
        null,
        null,
        null,
        null,
        null,
        null,
        null,
        null,
        null,
        1,
        null,
        10,
        null,
        10,
        null,
        null,
        null,
        null,
        null,
        10,
        0,
        null,
        null,
        null,
        null,
        0,
        null,
        0,
        10,
        null,
        null,
        10,
        10,
        10,
        10,
        10,
        10,
        10,
        10,
        10,
        10,
        10,
        10,
        null,
        10,
        10,
        0,
        0,
        null,
        10,
        null,
        null,
        null,
        null,
        10,
        null,
        10,
        0,
        null,
        null,
        10,
        null,
        null,
        null,
        null,
        null,
        null,
        null,
        null,
        null,
        null,
        null,
        null,
        null,
        null,
        null,
        null,
        null,
        null,
        null,
        null,
        null,
        null,
        null,
        null,
        null,
        1,
        null,
        4,
        null,
        4,
        null,
        null,
        null,
        null,
        null,
        4,
        0,
        null,
        null,
        4,
        0,
        null,
        null,
        4,
        4,
        null,
        null,
        4,
        null,
        0,
        null,
        4,
        null,
        0,
        null,
        0,
        null,
        0,
        null,
        0,
        null,
        4,
        4,
        0,
        null,
        4,
        0,
        0,
        0,
        0,
        null,
        0,
        0,
        0,
        null,
        null,
        null,
        4,
        null,
        null,
        null,
        null,
        null,
        null,
        null,
        null,
        null,
        null,
        null,
        null,
        null,
        null,
        null,
        null,
        null,
        null,
        null,
        null,
        null,
        null,
        null,
        null,
        null,
        null,
        null,
        null,
        null,
        null,
        null,
        1,
        null,
        0,
        null,
        0,
        0,
        0,
        null,
        null,
        0,
        null,
        0,
        0,
        0,
        null,
        0,
        null,
        0,
        0,
        null,
        0,
        null,
        0,
        0,
        0,
        null,
        null,
        null,
        0,
        0,
        0,
        null,
        0,
        null,
        null,
        0,
        null,
        null,
        null,
        null,
        null,
        null,
        null,
        null,
        null,
        null,
        null,
        null,
        null,
        null,
        null,
        1,
        0,
        0,
        0,
        null,
        0,
        null,
        0,
        0,
        0,
        null,
        0,
        null,
        null,
        null,
        null,
        null,
        null,
        null,
        null,
        null,
        null,
        null,
        null,
        null,
        null,
        null,
        null,
        null,
        null,
        null,
        null,
        null,
        null,
        null,
        null,
        null,
        null,
        null,
        null,
        null,
        null,
        null,
        null,
        null,
        null,
        null,
        null,
        null,
        1,
        null,
        null,
        309,
        null,
        null,
        null,
        0,
        null,
        null,
        0,
        null,
        0,
        null,
        null,
        0,
        309,
        null,
        309,
        0,
        null,
        null,
        309,
        16,
        null,
        309,
        null,
        null,
        309,
        309,
        null,
        null,
        309,
        0,
        null,
        309,
        80,
        160,
        0,
        null,
        309,
        null,
        null,
        1,
        1,
        null,
        null,
        null,
        null,
        null,
        null,
        null,
        null,
        null,
        null,
        null,
        null,
        null,
        null,
        null,
        null,
        null,
        null,
        null,
        null,
        null,
        null,
        null,
        null,
        null,
        1,
        368,
        null,
        null,
        0,
        null,
        0,
        368,
        368,
        0,
        null,
        null,
        null,
        368,
        null,
        368,
        368,
        368,
        0,
        0,
        0,
        null,
        368,
        368,
        368,
        0,
        0,
        null,
        null,
        null,
        1,
        1,
        1,
        1,
        null,
        null,
        null,
        null,
        null,
        null,
        null,
        null,
        null,
        null,
        null,
        null,
        null,
        null,
        null,
        null,
        null,
        null,
        null,
        null,
        null,
        null,
        null,
        null,
        null,
        null,
        null,
        null,
        null,
        null,
        null,
        null,
        null,
        null,
        null,
        null,
        null,
        null,
        null,
        null,
        null,
        null,
        null,
        null,
        null,
        null,
        null,
        null,
        1,
        null,
        null,
        293,
        null,
        null,
        0,
        null,
        0,
        293,
        null,
        293,
        0,
        null,
        null,
        293,
        293,
        80,
        null,
        80,
        160,
        80,
        null,
        null,
        null,
        293,
        null,
        293,
        null,
        null,
        293,
        293,
        null,
        293,
        293,
        293,
        null,
        null,
        null,
        null,
        null,
        0,
        null,
        293,
        293,
        null,
        293,
        null,
        null,
        null,
        null,
        null,
        null,
        null,
        null,
        null,
        null,
        null,
        null,
        null,
        null,
        null,
        null,
        null,
        null,
        1,
        0,
        null,
        null,
        0,
        null,
        0,
        0,
        null,
        0,
        0,
        null,
        null,
        null,
        0,
        0,
        null,
        null,
        null,
        null,
        null,
        null,
        null,
        null,
        null,
        null,
        null,
        0,
        0,
        0,
        0,
        null,
        null,
        null,
        1,
        1,
        null,
        null,
        null,
        null,
        null,
        null,
        null,
        null,
        null,
        null,
        null,
        null,
        null,
        null,
        null,
        null,
        null,
        null,
        null,
        1,
        null,
        0,
        null,
        0,
        0,
        null,
        0,
        0,
        null,
        null,
        null,
        0,
        0,
        null,
        null,
        null,
        null,
        0,
        null,
        null,
        null,
        null,
        0,
        0,
        0,
        0,
        null,
        null,
        null,
        0,
        null,
        null,
        null,
        0,
        null,
        null,
        null,
        null,
        null,
        null,
        null,
        null,
        null,
        null,
        null,
        null,
        null,
        null,
        null,
        0,
        0,
        0,
        0,
        null,
        null,
        null,
        null,
        null,
        null,
        null,
        null,
        null,
        null,
        null,
        null,
        null,
        null,
        null,
        null,
        1,
        0,
        0,
        null,
        0,
        null,
        0,
        null,
        null,
        0,
        0,
        0,
        0,
        null,
        null,
        0,
        null,
        0,
        null,
        null,
        0,
        null,
        0,
        null,
        0,
        null,
        null,
        null,
        null,
        null,
        0,
        null,
        null,
        null,
        null,
        null,
        null,
        0,
        0,
        0,
        null,
        null,
        null,
        null,
        null,
        null,
        null,
        null,
        null,
        null,
        null,
        null,
        null,
        1,
        0,
        0,
        null,
        0,
        0,
        0,
        null,
        0,
        null,
        null,
        0,
        null,
        0,
        null,
        null,
        null,
        null,
        null,
        null,
        null,
        null,
        null,
        null,
        null,
        null,
        null,
        null,
        null,
        null,
        null,
        null,
        null,
        null,
        null,
        null,
        null,
        1,
        87,
        40,
        0,
        null,
        null,
        null,
        null,
        87,
        0,
        0,
        null,
        null,
        null,
        null,
        87,
        null,
        null,
        87,
        87,
        87,
        87,
        87,
        87,
        87,
        87,
        87,
        87,
        87,
        null,
        null,
        null,
        null,
        null,
        null,
        null,
        1,
        4,
        4,
        4,
        4,
        4,
        4,
        4,
        4,
        4,
        4,
        4,
        4,
        4,
        null,
        null,
        null,
        null,
        null,
        null,
        1,
        824,
        null,
        null,
        null,
        null,
        null,
        null,
        1,
        null,
        41,
        0,
        null,
        41,
        null,
        null,
        null,
        null,
        137,
        null,
        null,
        null,
        null,
        null,
        null,
        1,
        87,
        0,
        null,
        87,
        null,
        87,
        0,
        null,
        87,
        87,
        null,
        null,
        87,
        87,
        87,
        null,
        null,
        87,
        null,
        null,
        null,
        null,
        null,
        null,
        1,
        165,
        null,
        null,
        null,
        null,
        null,
        null,
        1,
        null,
        0,
        null,
        0,
        null,
        0,
        null,
        null,
        null,
        null,
        4,
        null,
        null,
        null,
        null,
        null,
        null,
        1,
        40,
        0,
        null,
        40,
        null,
        null,
        40,
        0,
        null,
        null,
        null,
        40,
        40,
        40,
        40,
        40,
        40,
        null,
        null,
        40,
        null,
        null,
        null,
        null,
        null,
        null,
        1,
        205,
        null,
        null,
        null,
        null,
        null,
        null,
        1,
        null,
        0,
        null,
        0,
        null,
        0,
        null,
        null,
        null,
        null,
        4,
        null,
        null,
        null,
        null,
        null,
        null,
        1,
        40,
        0,
        null,
        40,
        null,
        null,
        40,
        40,
        40,
        0,
        null,
        null,
        null,
        40,
        40,
        40,
        40,
        40,
        40,
        null,
        null,
        40,
        null,
        null,
        null,
        null,
        null,
        null,
        null,
        1,
        124,
        124,
        124,
        0,
        0,
        null,
        0,
        null,
        124,
        null,
        null,
        null,
        null,
        null,
        null,
        1,
        null,
        0,
        0,
        0,
        0,
        null,
        0,
        null,
        0,
        null,
        45,
        null,
        null,
        null,
        null,
        null,
        null,
        1,
        0,
        0,
        null,
        0,
        null,
        0,
        null,
        null,
        null,
        0,
        null,
        null,
        null,
        0,
        0,
        null,
        null,
        0,
        0,
        0,
        null,
        null,
        0,
        null,
        null,
        null,
        null,
        null,
        null,
        1,
        727,
        null,
        null,
        null,
        null,
        null,
        null,
        1,
        null,
        41,
        41,
        null,
        null,
        41,
        null,
        0,
        null,
        41,
        null,
        0,
        null,
        45,
        null,
        null,
        null,
        null,
        null,
        null,
        1,
        87,
        0,
        null,
        87,
        null,
        87,
        87,
        null,
        null,
        87,
        0,
        null,
        null,
        null,
        87,
        87,
        87,
        87,
        null,
        null,
        87,
        null,
        null,
        null,
        null,
        null,
        null,
        null,
        null,
        null,
        1,
        0,
        0,
        null,
        null,
        null,
        null,
        null,
        null,
        null,
        null,
        null,
        1,
        0,
        0,
        null,
        0,
        0,
        0,
        null,
        null,
        null,
        null,
        null,
        null,
        null,
        1,
        null,
        79,
        79,
        0,
        null,
        79,
        79,
        35,
        null,
        79,
        174,
        null,
        null,
        null,
        null,
        null,
        null,
        1,
        null,
        41,
        41,
        0,
        null,
        41,
        41,
        0,
        null,
        41,
        52,
        null,
        null,
        null,
        null,
        null,
        null,
        1,
        40,
        40,
        0,
        null,
        40,
        40,
        40,
        0,
        0,
        null,
        40,
        null,
        null,
        null,
        null,
        40,
        null,
        null,
        null,
        null,
        40,
        40,
        40,
        40,
        null,
        null,
        40,
        40,
        40,
        40,
        null,
        null,
        40,
        null,
        null,
        null,
        null,
        null,
        null,
        null,
        1,
        0,
        0,
        null,
        null,
        0,
        null,
        null,
        0,
        null,
        null,
        0,
        null,
        null,
        null,
        null,
        null,
        null,
        1,
        91,
        null,
        null,
        null,
        null,
        null,
        1,
        140,
        null,
        null,
        null,
        null,
        null,
        null,
        null,
        null,
        1,
        214,
        null,
        null,
        null,
        null,
        null,
        null,
        1,
        45,
        null,
        null,
        10,
        null,
        null,
        null,
        null,
        null,
        null,
        null,
        1,
        81,
        2,
        null,
        81,
        0,
        null,
        null,
        null,
        81,
        81,
        null,
        null,
        81,
        81,
        81,
        81,
        null,
        null,
        81,
        null,
        null,
        null,
        null,
        null,
        null,
        null,
        null,
        1,
        4,
        4,
        null,
        0,
        null,
        null,
        null,
        null,
        null,
        null,
        null,
        null,
        null,
        1,
        4,
        null,
        null,
        null,
        null,
        null,
        null,
        null,
        null,
        null,
        null,
        null,
        1,
        4,
        4,
        4,
        4,
        4,
        4,
        null,
        null,
        null,
        null,
        null,
        null,
        null,
        null,
        null,
        null,
        null,
        1,
        null,
        4,
        4,
        4,
        null,
        4,
        4,
        null,
        4,
        4,
        null,
        null,
        null,
        null,
        null,
        null,
        1,
        0,
        0,
        0,
        null,
        0,
        null,
        null,
        0,
        0,
        null,
        null,
        null,
        0,
        0,
        null,
        null,
        null,
        null,
        null,
        null,
        null,
        1,
        449,
        null,
        null,
        1,
        null,
        null,
        null,
        null,
        1,
        null,
        41,
        41,
        null,
        0,
        null,
        null,
        null,
        41,
        172,
        null,
        null,
        null,
        null,
        null,
        41,
        null,
        41,
        0,
        null,
        41,
        44,
        null,
        null,
        null,
        null,
        null,
        null,
        1,
        87,
        0,
        null,
        87,
        87,
        0,
        null,
        null,
        null,
        87,
        87,
        87,
        null,
        null,
        null,
        null,
        null,
        null,
        1,
        null,
        0,
        null,
        null,
        null,
        null,
        null,
        null,
        null,
        1,
        0,
        0,
        null,
        null,
        null,
        null,
        null,
        null,
        1,
        246,
        null,
        null,
        null,
        null,
        null,
        null,
        1,
        44,
        null,
        44,
        44,
        44,
        44,
        80,
        null,
        44,
        null,
        null,
        null,
        null,
        null,
        null,
        1,
        89,
        0,
        null,
        89,
        null,
        null,
        89,
        89,
        89,
        null,
        null,
        null,
        null,
        null,
        null,
        null,
        null,
        null,
        null,
        null,
        null,
        null,
        null,
        null,
        null,
        null,
        1,
        4,
        4,
        0,
        null,
        4,
        4,
        8,
        null,
        4,
        null,
        null,
        null,
        8,
        8,
        null,
        null,
        null,
        null,
        8,
        null,
        8,
        8,
        null,
        0,
        null,
        8,
        null,
        null,
        null,
        null,
        null,
        null,
        null,
        null,
        null,
        null,
        null,
        null,
        null,
        null,
        null,
        null,
        null,
        null,
        null,
        null,
        null,
        null,
        1,
        0,
        0,
        0,
        null,
        null,
        0,
        0,
        0,
        null,
        null,
        0,
        0,
        0,
        0,
        null,
        null,
        null,
        0,
        null,
        null,
        null,
        0,
        0,
        0,
        null,
        null,
        0,
        0,
        null,
        0,
        0,
        null,
        null,
        0,
        null,
        null,
        0,
        null,
        null,
        0,
        null,
        null,
        0,
        null,
        null,
        null,
        null,
        null,
        null,
        null,
        1,
        0,
        null,
        0,
        0,
        null,
        null,
        null,
        null,
        null,
        null,
        null,
        1,
        0,
        0,
        null,
        0,
        0,
        null,
        null,
        0,
        0,
        0,
        0,
        0,
        0,
        0,
        null,
        null,
        0,
        0,
        null,
        null,
        null,
        null,
        null,
        null,
        1,
        138,
        null,
        null,
        null,
        null,
        null,
        null,
        1,
        null,
        0,
        null,
        null,
        null,
        0,
        44,
        null,
        null,
        null,
        null,
        null,
        null,
        1,
        0,
        0,
        null,
        0,
        null,
        null,
        0,
        0,
        0,
        null,
        null,
        0,
        null,
        null,
        null,
        null,
        null,
        null,
        null,
        null,
        1,
        91,
        null,
        91,
        null,
        0,
        null,
        null,
        null,
        null,
        null,
        null,
        null,
        null,
        1,
        0,
        null,
        null,
        null,
        null,
        null,
        null,
        null,
        null,
        1,
        0,
        null,
        null,
        null,
        null,
        null,
        null,
        null,
        null,
        1,
        0,
        0,
        null,
        0,
        null,
        0,
        null,
        0,
        0,
        null,
        null,
        0,
        0,
        0,
        0,
        0,
        0,
        0,
        0,
        null,
        null,
        0,
        0,
        0,
        0,
        0,
        0,
        0,
        0,
        null,
        0,
        0,
        0,
        0,
        0,
        0,
        0,
        null,
        0,
        0,
        0,
        0,
        null,
        0,
        null,
        null,
        0,
        0,
        null,
        0,
        0,
        0,
        null,
        null,
        null,
        null,
        0,
        0,
        null,
        0,
        null,
        null,
        null,
        null,
        0,
        0,
        null,
        null,
        0,
        null,
        0,
        null,
        0,
        0,
        0,
        0,
        null,
        0,
        null,
        0,
        null,
        0,
        null,
        null,
        null,
        null,
        null,
        null,
        null,
        null,
        null,
        null,
        1,
        null,
        null,
        null,
        null,
        null,
        null,
        null,
        null,
        null,
        1,
        0,
        null,
        null,
        null,
        null,
        null,
        null,
        null,
        null,
        null,
        null,
        null,
        null,
        null,
        1,
        0,
        0,
        null,
        0,
        null,
        0,
        0,
        0,
        null,
        null,
        null,
        null,
        0,
        0,
        0,
        null,
        null,
        null,
        null,
        0,
        0,
        null,
        null,
        0,
        null,
        0,
        0,
        null,
        null,
        0,
        0,
        null,
        null,
        0,
        0,
        null,
        0,
        null,
        null,
        0,
        0,
        null,
        0,
        null,
        null,
        0,
        null,
        0,
        null,
        0,
        null,
        null,
        null,
        0,
        null,
        null,
        null,
        null,
        null,
        null,
        null,
        null,
        null,
        null,
        1,
        0,
        null,
        null,
        null,
        null,
        null,
        null,
        null,
        null,
        null,
        null,
        null,
        1,
        0,
        0,
        0,
        0,
        null,
        0,
        0,
        null,
        0,
        0,
        null,
        0,
        0,
        0,
        0,
        0,
        0,
        0,
        0,
        0,
        0,
        0,
        0,
        null,
        null,
        0,
        0,
        0,
        0,
        0,
        0,
        0,
        0,
        null,
        0,
        null,
        null,
        null,
        null,
        null,
        0,
        0,
        null,
        0,
        null,
        null,
        null,
        null,
        null,
        null,
        null,
        null,
        null,
        null,
        null,
        null,
        null,
        null,
        null,
        null,
        null,
        null,
        null,
        null,
        1,
        0,
        null,
        null,
        null,
        null,
        null,
        null,
        null,
        null,
        null,
        null,
        null,
        null,
        1,
        null,
        null,
        40,
        0,
        null,
        null,
        0,
        null,
        null,
        null,
        40,
        null,
        null,
        null,
        null,
        null,
        null,
        null,
        null,
        null,
        null,
        null,
        null,
        null,
        null,
        1,
        0,
        null,
        null,
        null,
        null,
        null,
        null,
        null,
        null,
        null,
        1,
        0,
        0,
        0,
        null,
        null,
        null,
        null,
        null,
        null,
        null,
        null,
        null,
        null,
        null,
        null,
        1,
        18,
        18,
        null,
        0,
        0,
        null,
        0,
        null,
        null,
        18,
        null,
        null,
        null,
        null,
        null,
        null,
        null,
        null,
        null,
        null,
        null,
        1,
        0,
        0,
        null,
        null,
        null,
        null,
        null,
        null,
        null,
        null,
        null,
        null,
        null,
        1,
        0,
        0,
        null,
        null,
        null,
        null,
        null,
        null,
        null,
        1,
        4,
        null,
        null,
        null,
        null,
        null,
        null,
        1,
        37,
        null,
        null,
        null,
        null,
        null,
        null,
        null,
        null,
        null,
        37,
        null,
        null,
        null,
        null,
        null,
        null,
        null,
        null,
        null,
        null,
        null,
        null,
        null,
        null,
        1,
        0,
        null,
        null,
        null,
        0,
        0,
        null,
        null,
        0,
        0,
        0,
        0,
        null,
        0,
        null,
        0,
        null,
        null,
        null,
        null,
        null,
        null,
        null,
        null,
        null,
        null,
        1,
        0,
        null,
        null,
        null,
        null,
        null,
        null,
        null,
        1,
        0,
        null,
        null,
        null,
        null,
        null,
        null,
        1,
        79,
        null,
        0,
        null,
        null,
        null,
        57,
        57,
        57,
        57,
        57,
        57,
        57,
        57,
        null,
        57,
        79,
        null,
        null,
        null,
        null,
        1,
        null,
        null,
        null,
        null,
        null,
        1,
        null,
        null,
        null,
        null,
        null,
        null,
        null,
        null,
        null,
        0,
        null,
        null,
        null,
        null,
        null,
        null,
        1,
        0,
        null,
        null,
        null,
        null,
        null,
        null,
        null,
        null,
        null,
        null,
        1,
        87,
        87,
        87,
        87,
        87,
        null,
        null,
        null,
        1,
        1,
        1,
        null,
        1,
        1,
        1,
        1,
        null,
        null,
        null,
        null,
        null,
        null,
        null,
        1,
        null,
        null,
        41,
        41,
        null,
        41,
        41,
        null,
        41,
        41,
        null,
        41,
        null,
        null,
        null,
        null,
        null,
        0,
        null,
        null,
        41,
        null,
        41,
        41,
        null,
        41,
        null,
        null,
        null,
        null,
        1,
        462,
        91,
        null,
        null,
        0,
        null,
        null,
        91,
        null,
        0,
        null,
        0,
        null,
        null,
        91,
        null,
        0,
        null,
        null,
        null,
        null,
        null,
        null,
        null,
        null,
        null,
        null,
        null,
        null,
        1,
        null,
        0,
        0,
        null,
        null,
        0,
        0,
        0,
        0,
        0,
        0,
        0,
        0,
        0,
        null,
        null,
        null,
        null,
        null,
        null,
        null,
        null,
        null,
        null,
        1,
        0,
        0,
        0,
        null,
        null,
        null
      ],
      "/www/armory/vendor/bundle/ruby/2.1.0/gems/addressable-2.3.6/lib/addressable/version.rb": [
        null,
        null,
        null,
        null,
        null,
        null,
        null,
        null,
        null,
        null,
        null,
        null,
        null,
        null,
        null,
        null,
        null,
        null,
        null,
        1,
        1,
        1,
        1,
        1,
        1,
        null,
        1,
        null,
        null,
        null
      ],
      "/www/armory/vendor/bundle/ruby/2.1.0/gems/addressable-2.3.6/lib/addressable/idna.rb": [
        null,
        null,
        null,
        null,
        null,
        null,
        null,
        null,
        null,
        null,
        null,
        null,
        null,
        null,
        null,
        null,
        null,
        null,
        1,
        1,
        null,
        null,
        null,
        1,
        null
      ],
      "/www/armory/vendor/bundle/ruby/2.1.0/gems/addressable-2.3.6/lib/addressable/idna/native.rb": [
        null,
        null,
        null,
        null,
        null,
        null,
        null,
        null,
        null,
        null,
        null,
        null,
        null,
        null,
        null,
        null,
        null,
        null,
        1,
        null,
        0,
        0,
        0,
        0,
        null,
        null,
        0,
        0,
        null,
        null,
        0,
        0,
        null,
        null,
        0,
        0,
        null,
        null,
        0,
        0,
        null,
        null,
        null
      ],
      "/www/armory/vendor/bundle/ruby/2.1.0/gems/addressable-2.3.6/lib/addressable/idna/pure.rb": [
        null,
        null,
        null,
        null,
        null,
        null,
        null,
        null,
        null,
        null,
        null,
        null,
        null,
        null,
        null,
        null,
        null,
        null,
        1,
        1,
        null,
        null,
        null,
        null,
        null,
        null,
        null,
        null,
        null,
        null,
        null,
        null,
        null,
        null,
        1,
        null,
        null,
        null,
        1,
        null,
        1,
        null,
        null,
        null,
        null,
        null,
        null,
        null,
        null,
        null,
        null,
        1,
        null,
        null,
        null,
        null,
        null,
        null,
        null,
        null,
        null,
        null,
        null,
        null,
        null,
        1,
        41,
        41,
        41,
        null,
        41,
        0,
        0,
        0,
        0,
        null,
        0,
        0,
        null,
        0,
        null,
        null,
        0,
        null,
        41,
        null,
        null,
        null,
        null,
        null,
        1,
        0,
        0,
        0,
        0,
        null,
        0,
        null,
        null,
        0,
        0,
        0,
        null,
        0,
        null,
        null,
        null,
        1,
        293,
        293,
        293,
        null,
        293,
        null,
        null,
        null,
        null,
        null,
        null,
        null,
        null,
        null,
        1,
        0,
        0,
        0,
        null,
        2,
        null,
        1,
        293,
        293,
        null,
        293,
        null,
        252,
        252,
        252,
        252,
        1583,
        1583,
        null,
        null,
        1583,
        0,
        0,
        null,
        1583,
        1583,
        1583,
        null,
        null,
        252,
        252,
        null,
        2,
        null,
        1,
        1583,
        null,
        null,
        null,
        0,
        0,
        null,
        null,
        0,
        null,
        null,
        0,
        null,
        null,
        1583,
        1583,
        null,
        3166,
        3166,
        null,
        0,
        0,
        null,
        0,
        0,
        0,
        null,
        0,
        0,
        0,
        0,
        null,
        0,
        0,
        0,
        0,
        0,
        null,
        0,
        0,
        0,
        0,
        0,
        0,
        null,
        null,
        null,
        1583,
        1583,
        null,
        1583,
        null,
        2,
        null,
        1,
        293,
        293,
        293,
        null,
        293,
        null,
        252,
        1583,
        1583,
        1583,
        1583,
        1583,
        0,
        0,
        0,
        null,
        1583,
        null,
        null,
        252,
        null,
        2,
        null,
        1,
        293,
        293,
        1835,
        0,
        0,
        0,
        0,
        null,
        1835,
        1835,
        1835,
        null,
        0,
        null,
        null,
        null,
        293,
        null,
        2,
        null,
        1,
        0,
        0,
        0,
        0,
        0,
        null,
        0,
        0,
        0,
        0,
        0,
        null,
        0,
        null,
        2,
        null,
        1,
        5001,
        5001,
        4431,
        570,
        null,
        2,
        null,
        1,
        1835,
        1835,
        null,
        null,
        2,
        null,
        1,
        0,
        0,
        0,
        0,
        null,
        2,
        null,
        1,
        1583,
        null,
        2,
        null,
        1,
        1,
        1,
        1,
        1,
        1,
        1,
        1,
        1,
        null,
        1,
        1,
        1,
        1,
        1,
        1,
        1,
        null,
        1,
        1,
        0,
        0,
        null,
        null,
        null,
        1,
        1,
        null,
        null,
        1,
        0,
        null,
        null,
        null,
        1,
        1,
        4233,
        4233,
        null,
        4233,
        918,
        null,
        null,
        null,
        1,
        1,
        null,
        1,
        1,
        1,
        1,
        1,
        1,
        1,
        1,
        null,
        1,
        null,
        1,
        null,
        null,
        null,
        null,
        null,
        null,
        null,
        null,
        null,
        null,
        1,
        null,
        1,
        null,
        1,
        null,
        1,
        0,
        0,
        0,
        0,
        null,
        null,
        0,
        0,
        0,
        0,
        null,
        null,
        0,
        0,
        0,
        0,
        null,
        null,
        0,
        0,
        null,
        null,
        null,
        0,
        null,
        null,
        null,
        null,
        null,
        0,
        0,
        0,
        null,
        null,
        null,
        null,
        0,
        null,
        null,
        null,
        0,
        0,
        0,
        null,
        null,
        null,
        null,
        null,
        0,
        0,
        null,
        0,
        0,
        null,
        0,
        null,
        0,
        0,
        0,
        0,
        null,
        null,
        null,
        null,
        0,
        null,
        null,
        0,
        0,
        0,
        0,
        null,
        null,
        0,
        0,
        0,
        null,
        0,
        null,
        0,
        null,
        null,
        0,
        0,
        0,
        0,
        0,
        0,
        null,
        null,
        0,
        0,
        0,
        0,
        0,
        null,
        null,
        null,
        0,
        0,
        null,
        null,
        0,
        null,
        0,
        0,
        0,
        0,
        0,
        null,
        0,
        0,
        null,
        null,
        null,
        0,
        null,
        2,
        null,
        1,
        0,
        0,
        null,
        0,
        0,
        null,
        0,
        0,
        0,
        null,
        0,
        null,
        null,
        0,
        0,
        null,
        null,
        0,
        null,
        0,
        0,
        0,
        null,
        null,
        null,
        null,
        null,
        0,
        0,
        0,
        null,
        0,
        0,
        null,
        null,
        0,
        0,
        0,
        null,
        0,
        0,
        null,
        null,
        null,
        null,
        null,
        0,
        0,
        null,
        null,
        null,
        null,
        null,
        null,
        null,
        null,
        null,
        0,
        0,
        0,
        0,
        null,
        0,
        0,
        0,
        0,
        null,
        0,
        0,
        null,
        0,
        0,
        0,
        0,
        null,
        0,
        null,
        0,
        null,
        null,
        0,
        0,
        0,
        null,
        0,
        0,
        null,
        null,
        0,
        null,
        null,
        null,
        null,
        0,
        0,
        null,
        0,
        0,
        null,
        null,
        null,
        null,
        null,
        0,
        0,
        null,
        null,
        null,
        0,
        0,
        0,
        null,
        0,
        null,
        null,
        0,
        null,
        0,
        null,
        2,
        null,
        1,
        0,
        null,
        2,
        null,
        1,
        0,
        null,
        2,
        null,
        1,
        0,
        null,
        2,
        null,
        null,
        null,
        null,
        1,
        0,
        0,
        0,
        0,
        0,
        0,
        null,
        0,
        null,
        null,
        2,
        null,
        null,
        1,
        0,
        null,
        0,
        0,
        null,
        0,
        0,
        0,
        0,
        null,
        null,
        0,
        null,
        2,
        null,
        null,
        null
      ],
      "/www/armory/lib/armory/arguments.rb": [
        1,
        1,
        null,
        1,
        null,
        null,
        null,
        null,
        1,
        0,
        0,
        null,
        null,
        null
      ],
      "/www/armory/lib/armory/armory.rb": [
        1,
        1,
        1,
        1,
        1,
        1
      ],
      "/www/armory/lib/armory/realm_status.rb": [
        1,
        1,
        1,
        1,
        1,
        1,
        1,
        null,
        1,
        1,
        1,
        1,
        1,
        1,
        null,
        null,
        1,
        1,
        1,
        null,
        1,
        3,
        null,
        null,
        null,
        null,
        null,
        null,
        1,
        7,
        7,
        18,
        null,
        null,
        null,
        1,
        null,
        null,
        null,
        1,
        0,
        0,
        null,
        null,
        null,
        null
      ],
      "/www/armory/vendor/bundle/ruby/2.1.0/gems/memoizable-0.4.2/lib/memoizable.rb": [
        null,
        null,
        1,
        1,
        null,
        1,
        1,
        1,
        1,
        1,
        null,
        null,
        1,
        1,
        null,
        null,
        42,
        null,
        null,
        null,
        null,
        null,
        null,
        null,
        null,
        null,
        1,
        7,
        7,
        null,
        1,
        null,
        null
      ],
      "/www/armory/vendor/bundle/ruby/2.1.0/gems/thread_safe-0.3.4/lib/thread_safe.rb": [
        1,
        1,
        null,
        1,
        1,
        1,
        null,
        null,
        1,
        null,
        1,
        0,
        null,
        null,
        null,
        null,
        null,
        null,
        0,
        0,
        null,
        null,
        null,
        null,
        null,
        null,
        null,
        0,
        0,
        null,
        null,
        null,
        null,
        1,
        1,
        null,
        0,
        null,
        0,
        0,
        null,
        0,
        0,
        0,
        0,
        0,
        null,
        null,
        0,
        0,
        0,
        0,
        null,
        null,
        null,
        0,
        0,
        null,
        null,
        null,
        null,
        null,
        null,
        null,
        null
      ],
      "/www/armory/vendor/bundle/ruby/2.1.0/gems/thread_safe-0.3.4/lib/thread_safe/version.rb": [
        1,
        1,
        null,
        null,
        null,
        null,
        1,
        null,
        null,
        1,
        0,
        0,
        0,
        0,
        null,
        0,
        0,
        null,
        null,
        null,
        null
      ],
      "/www/armory/vendor/bundle/ruby/2.1.0/gems/thread_safe-0.3.4/lib/thread_safe/synchronized_delegator.rb": [
        1,
        1,
        null,
        null,
        null,
        null,
        null,
        null,
        null,
        null,
        null,
        null,
        null,
        null,
        null,
        null,
        null,
        null,
        1,
        0,
        0,
        null,
        null,
        1,
        0,
        null,
        null,
        1,
        0,
        0,
        null,
        null,
        1,
        0,
        0,
        0,
        0,
        null,
        0,
        null,
        null,
        null,
        null,
        null,
        null,
        0,
        0,
        0,
        0,
        0,
        0,
        null,
        0,
        null,
        null,
        0,
        null,
        1,
        null,
        1
      ],
      "/www/armory/vendor/bundle/ruby/2.1.0/gems/memoizable-0.4.2/lib/memoizable/instance_methods.rb": [
        null,
        null,
        1,
        null,
        null,
        1,
        null,
        null,
        null,
        null,
        null,
        null,
        null,
        null,
        null,
        1,
        2,
        2,
        null,
        null,
        null,
        null,
        null,
        null,
        null,
        null,
        null,
        null,
        null,
        null,
        null,
        1,
        0,
        0,
        null,
        null,
        1,
        null,
        null,
        null,
        null,
        null,
        null,
        1,
        53,
        null,
        null,
        null,
        null
      ],
      "/www/armory/vendor/bundle/ruby/2.1.0/gems/memoizable-0.4.2/lib/memoizable/method_builder.rb": [
        null,
        null,
        1,
        null,
        null,
        1,
        null,
        null,
        1,
        null,
        null,
        null,
        null,
        null,
        null,
        null,
        null,
        1,
        0,
        null,
        null,
        null,
        null,
        null,
        1,
        null,
        null,
        null,
        null,
        null,
        null,
        null,
        1,
        0,
        null,
        null,
        null,
        null,
        null,
        null,
        null,
        null,
        null,
        1,
        null,
        null,
        null,
        null,
        null,
        null,
        null,
        null,
        null,
        null,
        1,
        49,
        49,
        49,
        49,
        49,
        49,
        null,
        null,
        null,
        null,
        null,
        null,
        null,
        null,
        null,
        null,
        1,
        49,
        49,
        49,
        49,
        null,
        null,
        1,
        null,
        null,
        null,
        null,
        null,
        null,
        null,
        null,
        null,
        null,
        1,
        49,
        0,
        null,
        null,
        null,
        null,
        null,
        null,
        null,
        null,
        1,
        49,
        98,
        null,
        null,
        null,
        null,
        null,
        null,
        null,
        1,
        49,
        49,
        49,
        51,
        51,
        41,
        null,
        null,
        null,
        null,
        null,
        null,
        null,
        null,
        null,
        null,
        1,
        49,
        null,
        null,
        null,
        null,
        null,
        null,
        null,
        1,
        49,
        49,
        49,
        null,
        null,
        null,
        null,
        null
      ],
      "/www/armory/vendor/bundle/ruby/2.1.0/gems/memoizable-0.4.2/lib/memoizable/module_methods.rb": [
        null,
        null,
        1,
        null,
        null,
        1,
        null,
        null,
        null,
        null,
        null,
        null,
        1,
        49,
        null,
        null,
        null,
        null,
        null,
        null,
        null,
        null,
        null,
        null,
        null,
        null,
        null,
        1,
        49,
        49,
        null,
        null,
        null,
        null,
        null,
        null,
        null,
        null,
        null,
        null,
        null,
        null,
        null,
        null,
        null,
        null,
        null,
        null,
        null,
        null,
        null,
        null,
        1,
        0,
        null,
        null,
        null,
        null,
        null,
        null,
        null,
        null,
        null,
        null,
        null,
        null,
        null,
        null,
        null,
        null,
        null,
        null,
        null,
        null,
        null,
        null,
        null,
        null,
        null,
        1,
        0,
        null,
        null,
        1,
        null,
        null,
        null,
        null,
        null,
        null,
        null,
        null,
        null,
        1,
        2,
        4,
        null,
        null,
        null,
        null,
        null,
        null,
        null,
        null,
        null,
        null,
        1,
        49,
        null,
        null,
        null,
        null,
        null,
        null,
        null,
        null,
        null,
        null,
        null,
        1,
        49,
        null,
        null,
        null,
        null
      ],
      "/www/armory/vendor/bundle/ruby/2.1.0/gems/memoizable-0.4.2/lib/memoizable/memory.rb": [
        null,
        null,
        1,
        null,
        null,
        1,
        null,
        null,
        null,
        null,
        null,
        null,
        null,
        null,
        1,
        39,
        39,
        39,
        null,
        null,
        null,
        null,
        null,
        null,
        null,
        null,
        null,
        1,
        0,
        0,
        null,
        null,
        null,
        null,
        null,
        null,
        null,
        null,
        null,
        null,
        null,
        1,
        90,
        90,
        90,
        90,
        null,
        90,
        null,
        null,
        null,
        null,
        null,
        null,
        null,
        null,
        null,
        null,
        1,
        51,
        41,
        41,
        41,
        null,
        null,
        null,
        null,
        null,
        null,
        null,
        null,
        null,
        null,
        null,
        null,
        1,
        0,
        null,
        null,
        null,
        null,
        null,
        null,
        null,
        null,
        1,
        0,
        null,
        null,
        null,
        null,
        null,
        null,
        null,
        null,
        null,
        null,
        1,
        0,
        0,
        null,
        null,
        null,
        null
      ],
      "/www/armory/vendor/bundle/ruby/2.1.0/gems/memoizable-0.4.2/lib/memoizable/version.rb": [
        null,
        null,
        1,
        null,
        null,
        1,
        null,
        null
      ],
      "/www/armory/lib/armory/creatable.rb": [
        1,
        1,
        null,
        1,
        1,
        1,
        null,
        null,
        null,
        null,
        1,
        0,
        null,
        1,
        1,
        null,
        null,
        1,
        0,
        null,
        1,
        null,
        null
      ],
      "/www/armory/vendor/bundle/ruby/2.1.0/gems/thread_safe-0.3.4/lib/thread_safe/cache.rb": [
        1,
        null,
        1,
        1,
        1,
        1,
        1,
        1,
        null,
        1,
        1,
        0,
        1,
        0,
        null,
        0,
        0,
        null,
        null,
        0,
        null,
        null,
        1,
        1,
        null,
        1,
        39,
        0,
        null,
        39,
        null,
        null,
        39,
        39,
        null,
        null,
        1,
        0,
        0,
        null,
        null,
        null,
        null,
        0,
        0,
        null,
        0,
        null,
        null,
        null,
        1,
        1,
        null,
        1,
        92,
        10,
        82,
        82,
        0,
        0,
        null,
        0,
        null,
        null,
        null,
        1,
        0,
        0,
        null,
        null,
        null,
        null,
        0,
        0,
        0,
        0,
        null,
        0,
        1,
        null,
        null,
        0,
        0,
        null,
        0,
        1,
        null,
        null,
        0,
        0,
        0,
        1,
        null,
        null,
        0,
        0,
        0,
        1,
        null,
        null,
        0,
        1,
        null,
        null,
        0,
        1,
        null,
        null,
        0,
        null,
        1,
        1,
        null,
        null,
        0,
        0,
        1,
        null,
        null,
        0,
        0,
        0,
        1,
        null,
        1,
        0,
        0,
        0,
        0,
        null,
        null,
        1,
        0,
        0,
        null,
        null,
        1,
        null,
        1,
        1,
        0,
        null,
        null,
        1,
        0,
        0,
        null,
        null,
        1,
        0,
        0,
        null,
        null,
        1,
        0,
        0,
        null,
        0,
        0,
        null,
        null,
        null,
        null
      ],
      "/www/armory/vendor/bundle/ruby/2.1.0/gems/thread_safe-0.3.4/lib/thread_safe/mri_cache_backend.rb": [
        1,
        1,
        null,
        null,
        null,
        null,
        null,
        null,
        null,
        null,
        null,
        1,
        null,
        1,
        0,
        null,
        null,
        1,
        90,
        0,
        null,
        180,
        null,
        null,
        null,
        1,
        0,
        null,
        null,
        1,
        0,
        null,
        null,
        1,
        0,
        null,
        null,
        1,
        0,
        null,
        null,
        1,
        0,
        null,
        null,
        1,
        0,
        null,
        null,
        1,
        0,
        null,
        null,
        1,
        0,
        null,
        null,
        1,
        0,
        null,
        null,
        null
      ],
      "/www/armory/vendor/bundle/ruby/2.1.0/gems/thread_safe-0.3.4/lib/thread_safe/non_concurrent_cache_backend.rb": [
        1,
        1,
        null,
        null,
        1,
        39,
        null,
        null,
        1,
        90,
        null,
        null,
        1,
        0,
        null,
        null,
        1,
        90,
        0,
        null,
        90,
        null,
        null,
        null,
        1,
        0,
        0,
        0,
        null,
        0,
        null,
        null,
        null,
        1,
        0,
        0,
        0,
        null,
        null,
        null,
        1,
        0,
        0,
        null,
        null,
        null,
        1,
        0,
        null,
        null,
        1,
        0,
        0,
        null,
        0,
        null,
        null,
        null,
        1,
        0,
        0,
        0,
        null,
        null,
        1,
        0,
        null,
        null,
        1,
        0,
        null,
        null,
        1,
        0,
        null,
        null,
        1,
        0,
        0,
        0,
        null,
        0,
        null,
        null,
        null,
        1,
        0,
        0,
        null,
        null,
        1,
        0,
        0,
        null,
        0,
        null,
        null,
        1,
        0,
        null,
        null,
        1,
        92,
        null,
        null,
        1,
        1,
        1,
        1,
        1,
        0,
        0,
        0,
        null,
        null,
        1,
        0,
        null,
        null,
        1,
        0,
        null,
        null,
        1,
        0,
        0,
        null,
        null,
        0,
        null,
        null,
        null,
        null
      ],
      "/www/armory/lib/armory/null_object.rb": [
        1,
        null,
        1,
        1,
        1,
        1,
        1,
        1,
        null,
        1,
        2,
        null,
        null,
        null
      ],
      "/www/armory/vendor/bundle/ruby/2.1.0/gems/naught-1.0.0/lib/naught.rb": [
        1,
        1,
        1,
        null,
        1,
        1,
        1,
        1,
        1,
        null,
        1,
        null,
        null
      ],
      "/www/armory/vendor/bundle/ruby/2.1.0/gems/naught-1.0.0/lib/naught/version.rb": [
        1,
        1,
        null
      ],
      "/www/armory/vendor/bundle/ruby/2.1.0/gems/naught-1.0.0/lib/naught/null_class_builder.rb": [
        1,
        1,
        null,
        1,
        1,
        null,
        1,
        null,
        null,
        1,
        null,
        1,
        1,
        1,
        1,
        1,
        1,
        null,
        null,
        1,
        1,
        null,
        null,
        1,
        1,
        1,
        null,
        null,
        1,
        2,
        null,
        null,
        1,
        1,
        null,
        null,
        1,
        1,
        1,
        1,
        1,
        null,
        1,
        null,
        1,
        1,
        1,
        1,
        1,
        1,
        1,
        4,
        null,
        1,
        null,
        1,
        1,
        1,
        null,
        null,
        1,
        null,
        1,
        null,
        null,
        1,
        3,
        3,
        3,
        3,
        null,
        0,
        null,
        null,
        null,
        1,
        1,
        0,
        0,
        null,
        0,
        null,
        null,
        0,
        0,
        0,
        null,
        0,
        null,
        null,
        null,
        null,
        null,
        null,
        null,
        null,
        null,
        1,
        1,
        null,
        null,
        1,
        1,
        1,
        1,
        0,
        null,
        null,
        1,
        null,
        1,
        null,
        null,
        1,
        6,
        6,
        1,
        null,
        5,
        null,
        null,
        null,
        1,
        1,
        null,
        null,
        1,
        null,
        1,
        1,
        1,
        null,
        null,
        1,
        2,
        6,
        null,
        null,
        null,
        1,
        1,
        1,
        1,
        1,
        null,
        null,
        null,
        null,
        null,
        1,
        1,
        1,
        1,
        1,
        null,
        1,
        1,
        null,
        null,
        null,
        null,
        1,
        2,
        null,
        null,
        1,
        6,
        null,
        null,
        1,
        0,
        0,
        null,
        null,
        null,
        1,
        1,
        6,
        null,
        null,
        null,
        1,
        11,
        null,
        null,
        null
      ],
      "/www/armory/vendor/bundle/ruby/2.1.0/gems/naught-1.0.0/lib/naught/basic_object.rb": [
        1,
        1,
        1,
        null,
        null,
        0,
        0,
        null,
        null,
        null,
        null,
        0,
        0,
        null,
        null,
        null,
        null
      ],
      "/www/armory/vendor/bundle/ruby/2.1.0/gems/naught-1.0.0/lib/naught/conversions.rb": [
        1,
        1,
        1,
        1,
        1,
        1,
        1,
        null,
        1,
        null,
        null,
        1,
        0,
        null,
        0,
        null,
        0,
        null,
        0,
        null,
        null,
        null,
        1,
        0,
        0,
        null,
        0,
        null,
        0,
        null,
        0,
        null,
        null,
        null,
        1,
        0,
        0,
        null,
        0,
        null,
        0,
        null,
        null,
        null,
        1,
        0,
        0,
        null,
        null,
        null,
        0,
        null,
        null,
        null,
        null
      ],
      "/www/armory/vendor/bundle/ruby/2.1.0/gems/naught-1.0.0/lib/naught/null_class_builder/commands.rb": [
        1,
        1,
        1,
        1,
        1,
        1,
        1,
        1
      ],
      "/www/armory/vendor/bundle/ruby/2.1.0/gems/naught-1.0.0/lib/naught/null_class_builder/commands/define_explicit_conversions.rb": [
        1,
        1,
        null,
        1,
        1,
        1,
        1,
        1,
        1,
        1,
        null,
        null,
        null,
        null,
        null
      ],
      "/www/armory/vendor/bundle/ruby/2.1.0/gems/naught-1.0.0/lib/naught/null_class_builder/command.rb": [
        1,
        1,
        1,
        1,
        null,
        1,
        3,
        null,
        null,
        1,
        0,
        null,
        null,
        null,
        1,
        3,
        null,
        null,
        null,
        null
      ],
      "/www/armory/vendor/bundle/ruby/2.1.0/gems/naught-1.0.0/lib/naught/null_class_builder/commands/define_implicit_conversions.rb": [
        1,
        null,
        1,
        1,
        1,
        1,
        1,
        1,
        0,
        null,
        null,
        1,
        0,
        null,
        null,
        null,
        null,
        null,
        null
      ],
      "/www/armory/vendor/bundle/ruby/2.1.0/gems/naught-1.0.0/lib/naught/null_class_builder/commands/pebble.rb": [
        1,
        null,
        1,
        1,
        1,
        1,
        1,
        0,
        0,
        null,
        null,
        1,
        0,
        0,
        null,
        0,
        0,
        0,
        0,
        null,
        null,
        0,
        0,
        0,
        0,
        null,
        0,
        null,
        null,
        null,
        null,
        null,
        null,
        null
      ],
      "/www/armory/vendor/bundle/ruby/2.1.0/gems/naught-1.0.0/lib/naught/null_class_builder/commands/predicates_return.rb": [
        1,
        null,
        1,
        1,
        1,
        1,
        1,
        null,
        null,
        1,
        1,
        1,
        1,
        null,
        null,
        null,
        1,
        null,
        1,
        1,
        1,
        1,
        1,
        5,
        0,
        null,
        5,
        null,
        null,
        null,
        null,
        null,
        null,
        1,
        1,
        1,
        12,
        1,
        0,
        null,
        null,
        null,
        null,
        null,
        null,
        null
      ],
      "/www/armory/vendor/bundle/ruby/2.1.0/gems/naught-1.0.0/lib/naught/null_class_builder/commands/singleton.rb": [
        1,
        null,
        1,
        1,
        1,
        0,
        0,
        0,
        0,
        null,
        0,
        0,
        null,
        null,
        0,
        0,
        0,
        null,
        null,
        null,
        null,
        null,
        null,
        null
      ],
      "/www/armory/vendor/bundle/ruby/2.1.0/gems/naught-1.0.0/lib/naught/null_class_builder/commands/traceable.rb": [
        1,
        null,
        1,
        1,
        1,
        0,
        0,
        0,
        null,
        0,
        0,
        0,
        0,
        0,
        null,
        null,
        null,
        null,
        null,
        null
      ],
      "/www/armory/vendor/bundle/ruby/2.1.0/gems/naught-1.0.0/lib/naught/null_class_builder/commands/mimic.rb": [
        1,
        1,
        null,
        1,
        1,
        1,
        null,
        1,
        0,
        null,
        0,
        0,
        null,
        0,
        0,
        0,
        null,
        null,
        1,
        0,
        0,
        0,
        null,
        null,
        null,
        null,
        1,
        null,
        1,
        0,
        null,
        null,
        1,
        0,
        null,
        null,
        null
      ],
      "/www/armory/vendor/bundle/ruby/2.1.0/gems/naught-1.0.0/lib/naught/null_class_builder/commands/impersonate.rb": [
        1,
        1,
        1,
        0,
        0,
        null,
        null,
        null
      ],
      "/www/armory/lib/armory/utils.rb": [
        1,
        1,
        null,
        null,
        null,
        null,
        null,
        null,
        1,
        1,
        1,
        null,
        1,
        null,
        null,
        null,
        null,
        null,
        null,
        1,
        2,
        2,
        0,
        null,
        42,
        null,
        null,
        1,
        null,
        null
      ],
      "/www/armory/lib/armory/base.rb": [
        1,
        1,
        null,
        1,
        1,
        1,
        null,
        null,
        null,
        null,
        null,
        1,
        55,
        54,
        54,
        null,
        null,
        null,
        null,
        null
      ],
      "/www/armory/lib/armory/error.rb": [
        1,
        null,
        1,
        null,
        1,
        null,
        1,
        null,
        null,
        null,
        null,
        1,
        10,
        10,
        null,
        null,
        null,
        1,
        null,
        null,
        null,
        null,
        null,
        null,
        null,
        null,
        null,
        null,
        null,
        null,
        null,
        null,
        null,
        16,
        null,
        null,
        1,
        null,
        null,
        null,
        1,
        null,
        null,
        1,
        null,
        1,
        10,
        3,
        7,
        0,
        null,
        null,
        null,
        null,
        null,
        null,
        null,
        null,
        null,
        null,
        null,
        1,
        35,
        35,
        null,
        null,
        1,
        null,
        null,
        null,
        1,
        null,
        null,
        1,
        1,
        null,
        null,
        1,
        1,
        null,
        null,
        1,
        null,
        null,
        1,
        null,
        null,
        1,
        null,
        1,
        null,
        null,
        1,
        null,
        null,
        1,
        null,
        null,
        1,
        null,
        null,
        1,
        null,
        null
      ],
      "/www/armory/lib/armory/meta_methods.rb": [
        1,
        null,
        1,
        1,
        1,
        1,
        1,
        null,
        null,
        1,
        1,
        1,
        null,
        null,
        1,
        null,
        1,
        null,
        null,
        null,
        null,
        1,
        6,
        13,
        13,
        null,
        null,
        null,
        1,
        1,
        2,
        2,
        null,
        null,
        null,
        null,
        null,
        null,
        null,
        null,
        1,
        2,
        2,
        null,
        null,
        null,
        null,
        null,
        1,
        2,
        2,
        2,
        null,
        null,
        null,
        null,
        null,
        null,
        null,
        null,
        null,
        null,
        null,
        null,
        null,
        null,
        null,
        null,
        null,
        null,
        null,
        null,
        null,
        1,
        2,
        5,
        null,
        2,
        null,
        null,
        null,
        null,
        null,
        null,
        null,
        1,
        15,
        28,
        4,
        null,
        24,
        22,
        null,
        2,
        null,
        null,
        null,
        15,
        null,
        null,
        null,
        1,
        2,
        0,
        0,
        null,
        2,
        null,
        null,
        null,
        null,
        null,
        null,
        1,
        19,
        4,
        null,
        19,
        null,
        null,
        null,
        null,
        null,
        null,
        null,
        null,
        1,
        60,
        null,
        null,
        null,
        null,
        null
      ],
      "/www/armory/lib/armory/realm.rb": [
        1,
        1,
        null,
        1,
        1,
        null,
        null,
        1,
        null,
        1,
        null,
        1,
        1,
        1,
        null,
        null,
        1,
        2,
        3,
        null,
        null,
        1,
        1,
        1,
        null,
        null
      ],
      "/www/armory/lib/armory/basic_realm.rb": [
        1,
        1,
        null,
        1,
        1,
        1,
        null,
        1,
        null,
        null,
        null,
        null
      ],
      "/www/armory/vendor/bundle/ruby/2.1.0/gems/equalizer-0.0.9/lib/equalizer.rb": [
        null,
        null,
        null,
        1,
        null,
        null,
        null,
        null,
        null,
        null,
        null,
        null,
        null,
        null,
        null,
        1,
        1,
        1,
        1,
        null,
        null,
        1,
        null,
        null,
        null,
        null,
        null,
        null,
        null,
        null,
        null,
        1,
        1,
        2,
        null,
        null,
        null,
        null,
        null,
        null,
        null,
        1,
        1,
        1,
        1,
        null,
        null,
        null,
        null,
        null,
        null,
        null,
        1,
        1,
        1,
        11,
        null,
        1,
        null,
        null,
        null,
        null,
        null,
        null,
        null,
        1,
        1,
        1,
        0,
        null,
        null,
        null,
        null,
        null,
        null,
        null,
        null,
        1,
        1,
        1,
        0,
        0,
        0,
        null,
        null,
        null,
        null,
        1,
        null,
        null,
        null,
        null,
        null,
        null,
        null,
        null,
        null,
        null,
        null,
        null,
        1,
        0,
        null,
        null,
        null,
        null,
        null,
        null,
        null,
        null,
        null,
        null,
        null,
        null,
        null,
        1,
        5,
        5,
        null,
        null,
        null,
        null
      ],
      "/www/armory/lib/armory/world_zone.rb": [
        1,
        null,
        1,
        1,
        null,
        null,
        null,
        null,
        null,
        null,
        null,
        null,
        null,
        null,
        null,
        null,
        null,
        1,
        null,
        null,
        1,
        1,
        null,
        1,
        null,
        null,
        null
      ],
      "/www/armory/lib/armory/enumerable.rb": [
        1,
        1,
        1,
        null,
        null,
        1,
        4,
        4,
        9,
        null,
        2,
        0,
        0,
        0,
        null,
        2,
        null,
        null,
        1,
        null,
        null,
        1,
        2,
        null,
        null,
        null
      ],
      "/www/armory/lib/armory/entity/hashtag.rb": [
        1,
        1,
        null,
        1,
        null,
        null
      ],
      "/www/armory/lib/armory/entity/symbol.rb": [
        1,
        null,
        1,
        1,
        null,
        1,
        null,
        null
      ],
      "/www/armory/lib/armory/entity/uri.rb": [
        1,
        null,
        1,
        1,
        null,
        1,
        null,
        null,
        null,
        null
      ],
      "/www/armory/lib/armory/rest/client.rb": [
        1,
        1,
        1,
        1,
        1,
        1,
        1,
        1,
        1,
        null,
        null,
        null,
        null,
        null,
        null,
        null,
        null,
        null,
        null,
        null,
        null,
        null,
        null,
        null,
        null,
        null,
        null,
        null,
        1,
        1,
        null,
        1,
        1,
        1,
        1,
        1,
        1,
        null,
        null,
        1,
        null,
        null,
        null,
        null,
        null,
        null,
        null,
        null,
        null,
        null,
        null,
        19,
        null,
        null,
        null,
        null,
        null,
        null,
        1,
        null,
        null,
        null,
        null,
        18,
        null,
        18,
        null,
        18,
        null,
        null,
        null,
        18,
        null,
        18,
        18,
        null,
        null,
        null,
        1,
        15,
        15,
        15,
        null,
        null,
        null,
        1,
        0,
        0,
        0,
        null,
        null,
        1,
        null,
        null,
        null,
        null,
        1,
        18,
        null,
        null,
        1,
        34,
        null,
        2,
        null,
        2,
        null,
        null,
        1,
        15,
        null,
        null,
        null,
        null,
        null,
        null
      ],
      "/www/armory/vendor/bundle/ruby/2.1.0/gems/faraday-0.9.0/lib/faraday.rb": [
        1,
        1,
        1,
        1,
        null,
        null,
        null,
        null,
        null,
        null,
        null,
        null,
        null,
        null,
        null,
        1,
        1,
        null,
        1,
        null,
        null,
        1,
        null,
        null,
        1,
        null,
        null,
        null,
        1,
        null,
        null,
        null,
        null,
        null,
        1,
        null,
        null,
        1,
        null,
        null,
        null,
        null,
        null,
        null,
        null,
        null,
        null,
        null,
        null,
        null,
        null,
        null,
        null,
        null,
        null,
        null,
        null,
        null,
        null,
        null,
        null,
        null,
        null,
        null,
        null,
        null,
        1,
        17,
        17,
        17,
        null,
        null,
        null,
        null,
        null,
        null,
        null,
        1,
        3,
        13,
        null,
        null,
        null,
        null,
        null,
        null,
        null,
        1,
        1,
        1,
        null,
        null,
        1,
        null,
        1,
        null,
        null,
        1,
        0,
        null,
        null,
        null,
        1,
        1,
        1,
        null,
        null,
        null,
        null,
        1,
        0,
        null,
        null,
        null,
        null,
        null,
        1,
        17,
        null,
        null,
        1,
        0,
        0,
        0,
        null,
        0,
        null,
        null,
        null,
        1,
        1,
        1,
        null,
        null,
        null,
        null,
        1,
        null,
        null,
        null,
        null,
        null,
        null,
        null,
        null,
        null,
        null,
        null,
        null,
        null,
        null,
        null,
        null,
        null,
        null,
        null,
        null,
        null,
        null,
        1,
        5,
        2,
        2,
        null,
        5,
        5,
        5,
        null,
        null,
        null,
        null,
        null,
        null,
        null,
        null,
        null,
        null,
        null,
        null,
        null,
        null,
        null,
        null,
        null,
        null,
        null,
        1,
        null,
        90,
        null,
        null,
        1,
        null,
        3,
        3,
        11,
        11,
        null,
        null,
        1,
        93,
        null,
        null,
        1,
        93,
        93,
        null,
        87,
        null,
        3,
        3,
        null,
        null,
        0,
        0,
        null,
        null,
        3,
        3,
        3,
        3,
        null,
        3,
        3,
        null,
        3,
        null,
        null,
        null,
        null,
        1,
        0,
        0,
        0,
        null,
        0,
        null,
        null,
        null,
        1,
        null,
        null,
        1,
        1,
        null,
        null,
        null,
        null,
        1,
        null,
        null,
        null,
        null,
        null,
        null,
        null,
        null,
        null,
        null,
        null,
        null,
        null,
        null,
        null,
        0,
        0,
        1,
        null
      ],
      "/www/armory/vendor/bundle/ruby/2.1.0/gems/faraday-0.9.0/lib/faraday/utils.rb": [
        1,
        1,
        null,
        1,
        1,
        1,
        null,
        null,
        1,
        1,
        30,
        null,
        null,
        1,
        62,
        62,
        62,
        null,
        null,
        null,
        1,
        null,
        null,
        1,
        7,
        5,
        null,
        null,
        3,
        2,
        null,
        14,
        null,
        1,
        null,
        1,
        32,
        32,
        null,
        null,
        1,
        109,
        109,
        null,
        109,
        109,
        null,
        null,
        1,
        0,
        0,
        0,
        null,
        null,
        1,
        0,
        0,
        0,
        0,
        null,
        null,
        null,
        1,
        0,
        null,
        null,
        1,
        1,
        1,
        null,
        1,
        173,
        94,
        null,
        1,
        null,
        1,
        0,
        0,
        null,
        null,
        1,
        0,
        0,
        0,
        null,
        null,
        1,
        null,
        1,
        0,
        null,
        0,
        0,
        0,
        null,
        0,
        0,
        null,
        0,
        null,
        null,
        null,
        null,
        null,
        null,
        1,
        1,
        0,
        null,
        null,
        1,
        30,
        null,
        null,
        1,
        0,
        null,
        null,
        1,
        0,
        null,
        null,
        1,
        1,
        1,
        null,
        1,
        15,
        30,
        null,
        15,
        null,
        1,
        null,
        1,
        0,
        null,
        null,
        1,
        0,
        0,
        null,
        null,
        1,
        32,
        0,
        null,
        32,
        null,
        null,
        1,
        15,
        null,
        null,
        1,
        null,
        1,
        30,
        null,
        null,
        null,
        1,
        0,
        null,
        null,
        1,
        0,
        null,
        null,
        1,
        null,
        1,
        null,
        0,
        0,
        null,
        null,
        1,
        null,
        1,
        null,
        null,
        1,
        0,
        null,
        null,
        1,
        0,
        null,
        null,
        1,
        15,
        null,
        null,
        1,
        1,
        null,
        null,
        null,
        1,
        0,
        0,
        0,
        null,
        0,
        null,
        0,
        0,
        0,
        0,
[...]
        null,
        null,
        1,
        17,
        0,
        null,
        null,
        1,
        1,
        0,
        null,
        0,
        null,
        0,
        null,
        null,
        1,
        null,
        0,
        0,
        null,
        null,
        1,
        0,
        null,
        0,
        null,
        0,
        null,
        0,
        null,
        null,
        null,
        1,
        0,
        0,
        null,
        null,
        1,
        0,
        0,
        null,
        0,
        null,
        null,
        null,
        0,
        null,
        null,
        1,
        2,
        null,
        null,
        1,
        0,
        null,
        null,
        null,
        null,
        null,
        null
      ],
      "/www/armory/vendor/bundle/ruby/2.1.0/gems/rspec-expectations-3.1.2/lib/rspec/matchers/built_in/equal.rb": [
        1,
        1,
        1,
        null,
        null,
        null,
        1,
        null,
        null,
        1,
        0,
        0,
        null,
        0,
        null,
        null,
        null,
        null,
        null,
        1,
        null,
        null,
        0,
        null,
        null,
        null,
        null,
        null,
        null,
        null,
        null,
        null,
        1,
        0,
        null,
        null,
        1,
        null,
        1,
        11,
        null,
        null,
        1,
        null,
        1,
        0,
        null,
        null,
        1,
        0,
        0,
        null,
        0,
        null,
        null,
        null,
        1,
        0,
        null,
        null,
        1,
        null,
        null,
        0,
        null,
        null,
        null,
        null,
        null,
        null,
        null,
        null,
        null,
        null,
        1,
        0,
        null,
        null,
        null,
        null,
        null
      ],
      "/www/armory/vendor/bundle/ruby/2.1.0/gems/faraday-0.9.0/lib/faraday/request/url_encoded.rb": [
        1,
        1,
        1,
        null,
        1,
        1,
        null,
        1,
        null,
        1,
        15,
        0,
        0,
        null,
        15,
        null,
        null,
        1,
        15,
        0,
        0,
        null,
        null,
        null,
        1,
        15,
        15,
        null,
        null,
        1,
        15,
        15,
        15,
        null,
        null,
        null
      ],
      "/www/armory/vendor/bundle/ruby/2.1.0/gems/faraday-0.9.0/lib/faraday/response/logger.rb": [
        1,
        null,
        1,
        1,
        1,
        null,
        1,
        15,
        15,
        15,
        15,
        null,
        null,
        null,
        1,
        null,
        1,
        15,
        30,
        15,
        null,
        null,
        1,
        30,
        30,
        null,
        null,
        1,
        null,
        1,
        75,
        null,
        null,
        null
      ],
      "/www/armory/vendor/bundle/ruby/2.1.0/gems/faraday-0.9.0/lib/faraday/adapter/net_http.rb": [
        1,
        1,
        null,
        0,
        0,
        null,
        1,
        null,
        1,
        1,
        1,
        1,
        null,
        null,
        null,
        null,
        null,
        null,
        null,
        null,
        null,
        null,
        null,
        null,
        null,
        null,
        1,
        null,
        1,
        15,
        15,
        15,
        null,
        15,
        15,
        15,
        null,
        15,
        15,
        null,
        0,
        0,
        null,
        0,
        null,
        null,
        null,
        15,
        15,
        15,
        null,
        null,
        null,
        15,
        null,
        0,
        null,
        null,
        1,
        0,
        null,
        null,
        null,
        null,
        null,
        null,
        0,
        0,
        null,
        0,
        null,
        0,
        null,
        null,
        1,
        15,
        null,
        15,
        null,
        0,
        null,
        null,
        null,
        1,
        null,
        0,
        null,
        15,
        15,
        null,
        null,
        1,
        15,
        15,
        15,
        null,
        15,
        15,
        15,
        15,
        15,
        15,
        null,
        null,
        1,
        15,
        null,
        15,
        15,
        15,
        null,
        null,
        1,
        null,
        15,
        15,
        null,
        0,
        null,
        15,
        null,
        null,
        null,
        null
      ],
      "/www/armory/vendor/bundle/ruby/2.1.0/gems/rspec-expectations-3.1.2/lib/rspec/matchers/built_in/respond_to.rb": [
        1,
        null,
        1,
        1,
        1,
        null,
        null,
        null,
        1,
        1,
        1,
        1,
        null,
        null,
        null,
        null,
        null,
        null,
        null,
        1,
        0,
        0,
        null,
        null,
        null,
        null,
        null,
        null,
        null,
        1,
        0,
        null,
        1,
        null,
        null,
        1,
        1,
        null,
        null,
        null,
        1,
        0,
        null,
        null,
        null,
        null,
        1,
        0,
        null,
        null,
        null,
        null,
        1,
        0,
        null,
        null,
        null,
        null,
        1,
        0,
        null,
        null,
        1,
        null,
        1,
        1,
        1,
        1,
        null,
        null,
        null,
        1,
        1,
        null,
        0,
        0,
        null,
        null,
        1,
        0,
        0,
        null,
        null,
        1,
        null,
        0,
        null,
        null,
        null,
        null,
        null
      ],
      "/www/armory/vendor/bundle/ruby/2.1.0/gems/rspec-mocks-3.1.3/lib/rspec/mocks/matchers/receive.rb": [
        1,
        null,
        1,
        1,
        1,
        null,
        1,
        1,
        4,
        4,
        4,
        null,
        null,
        1,
        0,
        null,
        null,
        1,
        0,
        0,
        null,
        1,
        null,
        1,
        null,
        null,
        0,
        null,
        0,
        null,
        0,
        null,
        1,
        null,
        1,
        4,
        4,
        null,
        null,
        1,
        0,
        null,
        null,
        1,
        0,
        null,
        null,
        1,
        0,
        null,
        null,
        1,
        48,
        null,
        47,
        4,
        4,
        null,
        null,
        null,
        1,
        null,
        1,
        4,
        null,
        0,
        null,
        null,
        null,
        null,
        null,
        null,
        null,
        1,
        4,
        4,
        null,
        null,
        1,
        0,
        0,
        null,
        null,
        1,
        4,
        4,
        null,
        4,
        null,
        4,
        4,
        null,
        4,
        null,
        null,
        1,
        4,
        4,
        null,
        4,
        null,
        null,
        null,
        null,
        null,
        null
      ],
      "/www/armory/vendor/bundle/ruby/2.1.0/gems/rspec-mocks-3.1.3/lib/rspec/mocks/matchers/expectation_customization.rb": [
        1,
        1,
        1,
        null,
        1,
        1,
        null,
        1,
        4,
        4,
        4,
        null,
        null,
        1,
        4,
        null,
        null,
        null,
        null,
        null
      ],
      "/www/armory/vendor/bundle/ruby/2.1.0/gems/rspec-mocks-3.1.3/lib/rspec/mocks/any_instance.rb": [
        null,
        null,
        null,
        null,
        null,
        null,
        null,
        null,
        null,
        9
      ],
      "/www/armory/vendor/bundle/ruby/2.1.0/gems/rspec-mocks-3.1.3/lib/rspec/mocks/any_instance/chain.rb": [
        1,
        1,
        null,
        1,
        null,
        1,
        1,
        0,
        0,
        0,
        0,
        null,
        null,
        null,
        null,
        null,
        null,
        1,
        null,
        null,
        null,
        null,
        null,
        null,
        null,
        1,
        14,
        0,
        null,
        null,
        null,
        1,
        1,
        1,
        1,
        1,
        1,
        1,
        1,
        1,
        1,
        1,
        1,
        1,
        1,
        null,
        null,
        1,
        null,
        null,
        1,
        0,
        0,
        0,
        null,
        null,
        null,
        null,
        1,
        0,
        0,
        0,
        null,
        null,
        null,
        null,
        null,
        1,
        0,
        null,
        null,
        null,
        1,
        0,
        null,
        null,
        1,
        0,
        0,
        null,
        null,
        1,
        0,
        0,
        null,
        null,
        1,
        null,
        1,
        0,
        null,
        null,
        1,
        0,
        null,
        null,
        1,
        0,
        null,
        null,
        1,
        0,
        0,
        0,
        null,
        null,
        null,
        null,
        null
      ],
      "/www/armory/vendor/bundle/ruby/2.1.0/gems/rspec-mocks-3.1.3/lib/rspec/mocks/any_instance/stub_chain.rb": [
        1,
        1,
        1,
        null,
        1,
        null,
        1,
        0,
        null,
        null,
        1,
        null,
        1,
        0,
        0,
        0,
        null,
        0,
        0,
        null,
        0,
        0,
        null,
        null,
        0,
        null,
        null,
        1,
        null,
        null,
        null,
        null,
        null,
        null,
        0,
        null,
        null,
        1,
        0,
        0,
        null,
        null,
        null,
        null,
        null
      ],
      "/www/armory/vendor/bundle/ruby/2.1.0/gems/rspec-mocks-3.1.3/lib/rspec/mocks/any_instance/stub_chain_chain.rb": [
        1,
        1,
        1,
        null,
        1,
        1,
        0,
        0,
        null,
        null,
        1,
        null,
        1,
        0,
        null,
        null,
        1,
        null,
        null,
        null,
        null,
        0,
        null,
        null,
        null,
        null,
        null
      ],
      "/www/armory/vendor/bundle/ruby/2.1.0/gems/rspec-mocks-3.1.3/lib/rspec/mocks/any_instance/expect_chain_chain.rb": [
        1,
        1,
        1,
        null,
        1,
        1,
        0,
        0,
        null,
        null,
        1,
        0,
        null,
        null,
        1,
        0,
        null,
        null,
        1,
        null,
        1,
        0,
        null,
        null,
        1,
        null,
        null,
        null,
        null,
        0,
        null,
        null,
        null,
        null,
        null
      ],
      "/www/armory/vendor/bundle/ruby/2.1.0/gems/rspec-mocks-3.1.3/lib/rspec/mocks/any_instance/expectation_chain.rb": [
        1,
        1,
        1,
        null,
        1,
        1,
        0,
        null,
        null,
        1,
        0,
        0,
        null,
        null,
        1,
        null,
        1,
        null,
        null,
        null,
        null,
        1,
        1,
        null,
        1,
        0,
        0,
        0,
        null,
        0,
        0,
        0,
        null,
        null,
        0,
        null,
        null,
        1,
        null,
        null,
        null,
        null,
        0,
        null,
        null,
        null,
        null,
        null
      ],
      "/www/armory/vendor/bundle/ruby/2.1.0/gems/rspec-mocks-3.1.3/lib/rspec/mocks/any_instance/message_chains.rb": [
        1,
        1,
        1,
        null,
        1,
        1,
        0,
        null,
        null,
        null,
        1,
        0,
        null,
        null,
        null,
        1,
        0,
        0,
        null,
        null,
        null,
        1,
        0,
        0,
        null,
        null,
        null,
        null,
        1,
        0,
        0,
        null,
        null,
        null,
        null,
        1,
        0,
        0,
        null,
        null,
        null,
        null,
        1,
        0,
        0,
        null,
        null,
        null,
        null,
        1,
        null,
        0,
        0,
        null,
        null,
        null,
        1,
        0,
        0,
        null,
        null,
        null,
        null,
        1,
        0,
        0,
        0,
        null,
        null,
        null,
        1,
        null,
        1,
        0,
        0,
        0,
        null,
        0,
        null,
        null,
        null,
        null,
        null,
        null,
        null
      ],
      "/www/armory/vendor/bundle/ruby/2.1.0/gems/rspec-mocks-3.1.3/lib/rspec/mocks/any_instance/recorder.rb": [
        1,
        1,
        1,
        null,
        null,
        null,
        null,
        null,
        null,
        null,
        null,
        1,
        null,
        1,
        null,
        1,
        0,
        0,
        0,
        0,
        0,
        0,
        null,
        null,
        null,
        null,
        null,
        null,
        1,
        0,
        0,
        null,
        null,
        null,
        null,
        null,
        null,
        null,
        1,
        0,
        0,
        0,
        null,
        null,
        null,
        null,
        1,
        0,
        0,
        0,
        0,
        null,
        null,
        null,
        null,
        null,
        null,
        null,
        null,
        1,
        0,
        0,
        0,
        null,
        null,
        null,
        null,
        null,
        1,
        0,
        null,
        null,
        null,
        null,
        null,
        null,
        1,
        0,
        0,
        null,
        0,
        0,
        0,
        null,
        null,
        null,
        null,
        null,
        null,
        1,
        0,
        0,
        null,
        0,
        null,
        null,
        null,
        null,
        null,
        1,
        0,
        null,
        null,
        null,
        1,
        0,
        0,
        0,
        0,
        null,
        null,
        null,
        1,
        0,
        null,
        null,
        null,
        1,
        0,
        null,
        null,
        null,
        1,
        0,
        null,
        null,
        null,
        1,
        0,
        null,
        0,
        0,
        0,
        null,
        null,
        0,
        null,
        0,
        0,
        null,
        null,
        1,
        null,
        1,
        0,
        0,
        0,
        null,
        0,
        null,
        null,
        null,
        1,
        null,
        1,
        0,
        0,
        null,
        0,
        null,
        null,
        null,
        null,
        1,
        0,
        null,
        null,
        1,
        0,
        null,
        null,
        1,
        0,
        0,
        null,
        null,
        1,
        0,
        0,
        0,
        null,
        null,
        1,
        0,
        0,
        null,
        0,
        null,
        null,
        null,
        1,
        0,
        null,
        0,
        0,
        0,
        0,
        0,
        null,
        null,
        null,
        1,
        0,
        0,
        null,
        null,
        null,
        1,
        0,
        0,
        0,
        0,
        null,
        null,
        1,
        0,
        null,
        null,
        1,
        0,
        null,
        0,
        0,
        0,
        null,
        null,
        null,
        null,
        0,
        0,
        0,
        0,
        0,
        0,
        0,
        null,
        null,
        null,
        1,
        0,
        0,
        0,
        0,
        0,
        0,
        null,
        null,
        null,
        1,
        1,
        0,
        0,
        0,
        null,
        0,
        null,
        null,
        null,
        null,
        0,
        null,
        null,
        null,
        null,
        null,
        null,
        null
      ],
      "/www/armory/vendor/bundle/ruby/2.1.0/gems/rspec-mocks-3.1.3/lib/rspec/mocks/any_instance/proxy.rb": [
        1,
        1,
        1,
        null,
        null,
        null,
        null,
        null,
        null,
        null,
        null,
        null,
        null,
        null,
        null,
        null,
        null,
        null,
        null,
        null,
        1,
        1,
        0,
        0,
        null,
        null,
        1,
        0,
        null,
        null,
        1,
        0,
        0,
        0,
        null,
        null,
        0,
        0,
        null,
        null,
        null,
        null,
        1,
        0,
        0,
        null,
        null,
        null,
        1,
        0,
        0,
        null,
        null,
        null,
        1,
        0,
        0,
        null,
        null,
        null,
        1,
        0,
        null,
        null,
        null,
        null,
        0,
        null,
        null,
        null,
        1,
        0,
        0,
        null,
        null,
        null,
        1,
        null,
        1,
        0,
        0,
        0,
        null,
        null,
        null,
        null,
        null,
        null,
        null,
        null,
        null,
        null,
        null,
        1,
        1,
        0,
        null,
        null,
        1,
        1,
        0,
        null,
        null,
        0,
        0,
        null,
        null,
        null,
        1,
        0,
        0,
        null,
        null,
        null,
        null,
        null
      ],
      "/www/armory/vendor/bundle/ruby/2.1.0/gems/rspec-expectations-3.1.2/lib/rspec/matchers/built_in/eql.rb": [
        1,
        1,
        1,
        null,
        null,
        null,
        1,
        null,
        null,
        1,
        0,
        null,
        null,
        null,
        null,
        1,
        0,
        null,
        null,
        null,
        null,
        1,
        0,
        null,
        null,
        1,
        null,
        1,
        2,
        null,
        null,
        null,
        null,
        null
      ],
      "/www/armory/vendor/bundle/ruby/2.1.0/gems/rspec-expectations-3.1.2/lib/rspec/matchers/built_in/be_between.rb": [
        1,
        1,
        1,
        null,
        null,
        null,
        1,
        1,
        2,
        2,
        null,
        null,
        null,
        null,
        null,
        null,
        null,
        null,
        null,
        null,
        1,
        2,
        2,
        2,
        2,
        null,
        null,
        null,
        null,
        null,
        null,
        null,
        1,
        0,
        0,
        0,
        0,
        null,
        null,
        null,
        null,
        1,
        2,
        2,
        null,
        0,
        null,
        null,
        null,
        null,
        1,
        0,
        null,
        null,
        null,
        null,
        1,
        0,
        null,
        null,
        1,
        null,
        1,
        2,
        null,
        null,
        1,
        0,
        null,
        null,
        1,
        2,
        null,
        null,
        null,
        null,
        null
      ]
    },
    "timestamp": 1414764885
  }
}
